<?xml version="1.0" encoding="UTF-8"?>
<!-- Generated by org.testng.reporters.JUnitXMLReporter -->
<testsuite ignored="0" hostname="DESKTOP-A9IKKQ4" failures="0" tests="6" name="Default test" time="9.972" errors="0" timestamp="2025-08-13T15:06:47 IST">
  <testcase classname="api.test.DDTests" name="testPostUser" time="2.717"/>
  <testcase classname="api.test.DDTests" name="testPostUser" time="1.262"/>
  <testcase classname="api.test.DDTests" name="testPostUser" time="1.178"/>
  <testcase classname="api.test.DDTests" name="testDeleteUserByName" time="1.176"/>
  <testcase classname="api.test.DDTests" name="testDeleteUserByName" time="1.194"/>
  <testcase classname="api.test.DDTests" name="testDeleteUserByName" time="1.167"/>
</testsuite> <!-- Default test -->
