<?xml version="1.0" encoding="UTF-8"?>
<testsuite xmlns:xsi="http://www.w3.org/2001/XMLSchema-instance" xsi:noNamespaceSchemaLocation="https://maven.apache.org/surefire/maven-surefire-plugin/xsd/surefire-test-report.xsd" version="3.0.2" name="TestSuite" time="10.835" tests="6" errors="0" skipped="0" failures="0">
  <properties>
[...]
</properties>
  <testcase name="testPostUser[1010, testuser1, Johnn, Kenedy, a@gmail.com, test@1, 1234567891](1)" classname="api.test.DDTests" time="3.023">
    <system-out><![CDATA[2025-08-13T09:43:14.879477700Z main ERROR Log4j API could not find a logging provider.
]]></system-out>
    <system-err><![CDATA[SLF4J(W): No SLF4J providers were found.
SLF4J(W): Defaulting to no-operation (NOP) logger implementation
SLF4J(W): See https://www.slf4j.org/codes.html#noProviders for further details.
]]></system-err>
  </testcase>
  <testcase name="testPostUser[1020, testuser2, Komal, Komy, b@gmail.com, test@2, 1234567892](2)" classname="api.test.DDTests" time="1.158"/>
  <testcase name="testPostUser[1030, testuser3, Smathey, Steeve, c@gmail.com, test@3, 1234567893](3)" classname="api.test.DDTests" time="1.22"/>
  <testcase name="testDeleteUserByName[testuser1](1)" classname="api.test.DDTests" time="1.233"/>
  <testcase name="testDeleteUserByName[testuser2](2)" classname="api.test.DDTests" time="1.174"/>
  <testcase name="testDeleteUserByName[testuser3](3)" classname="api.test.DDTests" time="1.201"/>
</testsuite>